Build started 2014/03/09 18:08:25.
     1>Project "C:\Users\Chao Sun\Desktop\POCS\demo.vcxproj" on node 2 (build target(s)).
     1>InitializeBuildStatus:
         Creating ".\Debug\demo.unsuccessfulbuild" because "AlwaysCreate" was specified.
       ClCompile:
         All outputs are up-to-date.
         c:\Program Files (x86)\Microsoft Visual Studio 10.0\VC\bin\CL.exe /c /ZI /nologo /W3 /WX- /Od /Oy- /D WIN32 /D _DEBUG /D _WINDOWS /D _AFXDLL /D _VC80_UPGRADE=0x0600 /Gm /EHsc /RTC1 /MDd /GS /Gy- /fp:precise /Zc:wchar_t /Zc:forScope /Fo".\Debug\\" /Fd".\Debug\vc100.pdb" /FR".\Debug\\" /Gd /TP /analyze- /errorReport:prompt MainFrm.cpp
         MainFrm.cpp
         _WIN32_WINNT not defined. Defaulting to _WIN32_WINNT_MAXVER (see WinSDKVer.h)
       ResourceCompile:
         All outputs are up-to-date.
       ManifestResourceCompile:
         All outputs are up-to-date.
       Link:
         c:\Program Files (x86)\Microsoft Visual Studio 10.0\VC\bin\link.exe /ERRORREPORT:PROMPT /OUT:".\Debug\demo.exe" /INCREMENTAL /NOLOGO /MANIFEST /ManifestFile:".\Debug\demo.exe.intermediate.manifest" /MANIFESTUAC:"level='asInvoker' uiAccess='false'" /DEBUG /PDB:"C:\Users\Chao Sun\Desktop\POCS\Debug\demo.pdb" /SUBSYSTEM:WINDOWS /STACK:"16777216" /TLBID:1 /DYNAMICBASE /NXCOMPAT /IMPLIB:".\Debug\demo.lib" /MACHINE:X86 .\Debug\demo.res
         .\Debug\demo.exe.embed.manifest.res
         .\Debug\ChildFrm.obj
         .\Debug\DefineMaskDlg.obj
         .\Debug\demo.obj
         .\Debug\demoDoc.obj
         .\Debug\demoView.obj
         .\Debug\dibapi.obj
         .\Debug\GenLR.obj
         .\Debug\imgGrayTrans.obj
         .\Debug\linearStretch.obj
         .\Debug\MainFrm.obj
         .\Debug\MaskDlg.obj
         .\Debug\morphology.obj
         .\Debug\morphologyDlg.obj
         .\Debug\motionES.obj
         .\Debug\MutiOpenDocManager.obj
         .\Debug\myfile.obj
         .\Debug\noise.obj
         .\Debug\noiseDlg.obj
         .\Debug\POCS.obj
         .\Debug\RotateDlg.obj
         .\Debug\segment.obj
         .\Debug\shift.obj
         .\Debug\StdAfx.obj
         .\Debug\threshDlg.obj
         .\Debug\transform.obj
         .\Debug\ZoomTimesDlg.obj
       Manifest:
         C:\Program Files (x86)\Microsoft SDKs\Windows\v7.0A\bin\mt.exe /nologo /verbose /out:".\Debug\demo.exe.embed.manifest" /manifest .\Debug\demo.exe.intermediate.manifest "c:\Program Files (x86)\Microsoft Visual Studio 10.0\VC\Include\Manifest\dpiaware.manifest"
         All outputs are up-to-date.
       LinkEmbedManifest:
         All outputs are up-to-date.
         demo.vcxproj -> C:\Users\Chao Sun\Desktop\POCS\.\Debug\demo.exe
       BscMake:
         c:\Program Files (x86)\Microsoft Visual Studio 10.0\VC\bin\bscmake.exe /nologo /o".\Debug\demo.bsc" .\Debug\ChildFrm.sbr .\Debug\DefineMaskDlg.sbr .\Debug\demo.sbr .\Debug\demoDoc.sbr .\Debug\demoView.sbr .\Debug\dibapi.sbr .\Debug\GenLR.sbr .\Debug\imgGrayTrans.sbr .\Debug\linearStretch.sbr .\Debug\MainFrm.sbr .\Debug\MaskDlg.sbr .\Debug\morphology.sbr .\Debug\morphologyDlg.sbr .\Debug\motionES.sbr .\Debug\MutiOpenDocManager.sbr .\Debug\myfile.sbr .\Debug\noise.sbr .\Debug\noiseDlg.sbr .\Debug\POCS.sbr .\Debug\RotateDlg.sbr .\Debug\segment.sbr .\Debug\shift.sbr .\Debug\StdAfx.sbr .\Debug\threshDlg.sbr .\Debug\transform.sbr .\Debug\ZoomTimesDlg.sbr
       FinalizeBuildStatus:
         Deleting file ".\Debug\demo.unsuccessfulbuild".
         Touching ".\Debug\demo.lastbuildstate".
     1>Done Building Project "C:\Users\Chao Sun\Desktop\POCS\demo.vcxproj" (build target(s)).

Build succeeded.

Time Elapsed 00:00:23.59
