.\Debug\demo.bsc
.\Debug\demo.ilk
C:\USERS\CHAO SUN\DESKTOP\MFC\POCS\DEBUG\CHILDFRM.OBJ
C:\USERS\CHAO SUN\DESKTOP\MFC\POCS\DEBUG\CHILDFRM.SBR
C:\USERS\CHAO SUN\DESKTOP\MFC\POCS\DEBUG\DEFINEMASKDLG.OBJ
C:\USERS\CHAO SUN\DESKTOP\MFC\POCS\DEBUG\DEFINEMASKDLG.SBR
C:\USERS\CHAO SUN\DESKTOP\MFC\POCS\DEBUG\DEMO.OBJ
C:\USERS\CHAO SUN\DESKTOP\MFC\POCS\DEBUG\DEMO.PCH
C:\USERS\CHAO SUN\DESKTOP\MFC\POCS\DEBUG\DEMO.SBR
C:\USERS\CHAO SUN\DESKTOP\MFC\POCS\DEBUG\DEMODOC.OBJ
C:\USERS\CHAO SUN\DESKTOP\MFC\POCS\DEBUG\DEMODOC.SBR
C:\USERS\CHAO SUN\DESKTOP\MFC\POCS\DEBUG\DEMOVIEW.SBR
C:\USERS\CHAO SUN\DESKTOP\MFC\POCS\DEBUG\DIBAPI.OBJ
C:\USERS\CHAO SUN\DESKTOP\MFC\POCS\DEBUG\DIBAPI.SBR
C:\USERS\CHAO SUN\DESKTOP\MFC\POCS\DEBUG\GENLR.OBJ
C:\USERS\CHAO SUN\DESKTOP\MFC\POCS\DEBUG\GENLR.SBR
C:\USERS\CHAO SUN\DESKTOP\MFC\POCS\DEBUG\IMGGRAYTRANS.OBJ
C:\USERS\CHAO SUN\DESKTOP\MFC\POCS\DEBUG\IMGGRAYTRANS.SBR
C:\USERS\CHAO SUN\DESKTOP\MFC\POCS\DEBUG\LINEARSTRETCH.OBJ
C:\USERS\CHAO SUN\DESKTOP\MFC\POCS\DEBUG\LINEARSTRETCH.SBR
C:\USERS\CHAO SUN\DESKTOP\MFC\POCS\DEBUG\MAINFRM.OBJ
C:\USERS\CHAO SUN\DESKTOP\MFC\POCS\DEBUG\MAINFRM.SBR
C:\USERS\CHAO SUN\DESKTOP\MFC\POCS\DEBUG\MASKDLG.OBJ
C:\USERS\CHAO SUN\DESKTOP\MFC\POCS\DEBUG\MASKDLG.SBR
C:\USERS\CHAO SUN\DESKTOP\MFC\POCS\DEBUG\MORPHOLOGY.OBJ
C:\USERS\CHAO SUN\DESKTOP\MFC\POCS\DEBUG\MORPHOLOGY.SBR
C:\USERS\CHAO SUN\DESKTOP\MFC\POCS\DEBUG\MORPHOLOGYDLG.OBJ
C:\USERS\CHAO SUN\DESKTOP\MFC\POCS\DEBUG\MORPHOLOGYDLG.SBR
C:\USERS\CHAO SUN\DESKTOP\MFC\POCS\DEBUG\MOTIONES.SBR
C:\USERS\CHAO SUN\DESKTOP\MFC\POCS\DEBUG\MUTIOPENDOCMANAGER.OBJ
C:\USERS\CHAO SUN\DESKTOP\MFC\POCS\DEBUG\MUTIOPENDOCMANAGER.SBR
C:\USERS\CHAO SUN\DESKTOP\MFC\POCS\DEBUG\MYFILE.SBR
C:\USERS\CHAO SUN\DESKTOP\MFC\POCS\DEBUG\NOISE.OBJ
C:\USERS\CHAO SUN\DESKTOP\MFC\POCS\DEBUG\NOISE.SBR
C:\USERS\CHAO SUN\DESKTOP\MFC\POCS\DEBUG\NOISEDLG.OBJ
C:\USERS\CHAO SUN\DESKTOP\MFC\POCS\DEBUG\NOISEDLG.SBR
C:\USERS\CHAO SUN\DESKTOP\MFC\POCS\DEBUG\POCS.OBJ
C:\USERS\CHAO SUN\DESKTOP\MFC\POCS\DEBUG\POCS.SBR
C:\USERS\CHAO SUN\DESKTOP\MFC\POCS\DEBUG\ROTATEDLG.OBJ
C:\USERS\CHAO SUN\DESKTOP\MFC\POCS\DEBUG\ROTATEDLG.SBR
C:\USERS\CHAO SUN\DESKTOP\MFC\POCS\DEBUG\SEGMENT.SBR
C:\USERS\CHAO SUN\DESKTOP\MFC\POCS\DEBUG\SHIFT.OBJ
C:\USERS\CHAO SUN\DESKTOP\MFC\POCS\DEBUG\SHIFT.SBR
C:\USERS\CHAO SUN\DESKTOP\MFC\POCS\DEBUG\STDAFX.OBJ
C:\USERS\CHAO SUN\DESKTOP\MFC\POCS\DEBUG\STDAFX.SBR
C:\USERS\CHAO SUN\DESKTOP\MFC\POCS\DEBUG\THRESHDLG.OBJ
C:\USERS\CHAO SUN\DESKTOP\MFC\POCS\DEBUG\THRESHDLG.SBR
C:\USERS\CHAO SUN\DESKTOP\MFC\POCS\DEBUG\TRANSFORM.SBR
C:\USERS\CHAO SUN\DESKTOP\MFC\POCS\DEBUG\VC100.PDB
C:\USERS\CHAO SUN\DESKTOP\MFC\POCS\DEBUG\ZOOMTIMESDLG.OBJ
C:\USERS\CHAO SUN\DESKTOP\MFC\POCS\DEBUG\ZOOMTIMESDLG.SBR
C:\Users\Chao Sun\Desktop\POCS\.\Debug\demo.exe
C:\Users\Chao Sun\Desktop\POCS\Debug\ChildFrm.obj
C:\Users\Chao Sun\Desktop\POCS\Debug\ChildFrm.sbr
C:\Users\Chao Sun\Desktop\POCS\Debug\cl.command.1.tlog
C:\Users\Chao Sun\Desktop\POCS\Debug\CL.read.1.tlog
C:\Users\Chao Sun\Desktop\POCS\Debug\CL.write.1.tlog
C:\Users\Chao Sun\Desktop\POCS\Debug\DefineMaskDlg.obj
C:\Users\Chao Sun\Desktop\POCS\Debug\DefineMaskDlg.sbr
C:\Users\Chao Sun\Desktop\POCS\Debug\demo.bsc
C:\Users\Chao Sun\Desktop\POCS\Debug\demo.ilk
C:\Users\Chao Sun\Desktop\POCS\Debug\demo.obj
C:\USERS\CHAO SUN\DESKTOP\POCS\DEBUG\DEMO.PCH
C:\Users\Chao Sun\Desktop\POCS\Debug\demo.res
C:\Users\Chao Sun\Desktop\POCS\Debug\demo.sbr
C:\Users\Chao Sun\Desktop\POCS\Debug\demo.write.1.tlog
C:\Users\Chao Sun\Desktop\POCS\Debug\demoDoc.obj
C:\Users\Chao Sun\Desktop\POCS\Debug\demoDoc.sbr
C:\Users\Chao Sun\Desktop\POCS\Debug\demoView.sbr
C:\USERS\CHAO SUN\DESKTOP\POCS\DEBUG\DIBAPI.OBJ
C:\USERS\CHAO SUN\DESKTOP\POCS\DEBUG\DIBAPI.SBR
C:\USERS\CHAO SUN\DESKTOP\POCS\DEBUG\GENLR.OBJ
C:\USERS\CHAO SUN\DESKTOP\POCS\DEBUG\GENLR.SBR
C:\USERS\CHAO SUN\DESKTOP\POCS\DEBUG\IMGGRAYTRANS.OBJ
C:\USERS\CHAO SUN\DESKTOP\POCS\DEBUG\IMGGRAYTRANS.SBR
C:\USERS\CHAO SUN\DESKTOP\POCS\DEBUG\LINEARSTRETCH.OBJ
C:\USERS\CHAO SUN\DESKTOP\POCS\DEBUG\LINEARSTRETCH.SBR
C:\USERS\CHAO SUN\DESKTOP\POCS\DEBUG\MAINFRM.SBR
C:\USERS\CHAO SUN\DESKTOP\POCS\DEBUG\MASKDLG.SBR
C:\USERS\CHAO SUN\DESKTOP\POCS\DEBUG\MORPHOLOGY.SBR
C:\USERS\CHAO SUN\DESKTOP\POCS\DEBUG\MORPHOLOGYDLG.SBR
C:\USERS\CHAO SUN\DESKTOP\POCS\DEBUG\MOTIONES.SBR
C:\USERS\CHAO SUN\DESKTOP\POCS\DEBUG\MUTIOPENDOCMANAGER.SBR
C:\USERS\CHAO SUN\DESKTOP\POCS\DEBUG\MYFILE.SBR
C:\USERS\CHAO SUN\DESKTOP\POCS\DEBUG\NOISE.SBR
C:\USERS\CHAO SUN\DESKTOP\POCS\DEBUG\NOISEDLG.SBR
C:\USERS\CHAO SUN\DESKTOP\POCS\DEBUG\POCS.SBR
C:\USERS\CHAO SUN\DESKTOP\POCS\DEBUG\ROTATEDLG.SBR
C:\USERS\CHAO SUN\DESKTOP\POCS\DEBUG\SEGMENT.SBR
C:\USERS\CHAO SUN\DESKTOP\POCS\DEBUG\SHIFT.SBR
C:\USERS\CHAO SUN\DESKTOP\POCS\DEBUG\STDAFX.OBJ
C:\USERS\CHAO SUN\DESKTOP\POCS\DEBUG\STDAFX.SBR
C:\USERS\CHAO SUN\DESKTOP\POCS\DEBUG\THRESHDLG.SBR
C:\USERS\CHAO SUN\DESKTOP\POCS\DEBUG\TRANSFORM.SBR
C:\Users\Chao Sun\Desktop\POCS\Debug\vc100.idb
C:\USERS\CHAO SUN\DESKTOP\POCS\DEBUG\VC100.PDB
C:\Users\Chao Sun\Desktop\POCS\Debug\vc60.idb
C:\Users\Chao Sun\Desktop\POCS\Debug\vc60.pdb
C:\USERS\CHAO SUN\DESKTOP\POCS\DEBUG\ZOOMTIMESDLG.SBR
